This is pdfTeX, Version 3.1415926-2.5-1.40.14 (TeX Live 2013/Debian) (format=pdflatex 2014.8.13)  26 NOV 2015 08:29
entering extended mode
 restricted \write18 enabled.
 %&-line parsing enabled.
**stn_fran.tex
(./stn_fran.tex
LaTeX2e <2011/06/27>
Babel <3.9f> and hyphenation patterns for 78 languages loaded.
(/usr/share/texlive/texmf-dist/tex/latex/base/article.cls
Document Class: article 2007/10/19 v1.4h Standard LaTeX document class
(/usr/share/texlive/texmf-dist/tex/latex/base/size10.clo
File: size10.clo 2007/10/19 v1.4h Standard LaTeX file (size option)
)
\c@part=\count79
\c@section=\count80
\c@subsection=\count81
\c@subsubsection=\count82
\c@paragraph=\count83
\c@subparagraph=\count84
\c@figure=\count85
\c@table=\count86
\abovecaptionskip=\skip41
\belowcaptionskip=\skip42
\bibindent=\dimen102
)
(/usr/share/texlive/texmf-dist/tex/latex/amsmath/amsmath.sty
Package: amsmath 2013/01/14 v2.14 AMS math features
\@mathmargin=\skip43

For additional information on amsmath, use the `?' option.
(/usr/share/texlive/texmf-dist/tex/latex/amsmath/amstext.sty
Package: amstext 2000/06/29 v2.01

(/usr/share/texlive/texmf-dist/tex/latex/amsmath/amsgen.sty
File: amsgen.sty 1999/11/30 v2.0
\@emptytoks=\toks14
\ex@=\dimen103
))
(/usr/share/texlive/texmf-dist/tex/latex/amsmath/amsbsy.sty
Package: amsbsy 1999/11/29 v1.2d
\pmbraise@=\dimen104
)
(/usr/share/texlive/texmf-dist/tex/latex/amsmath/amsopn.sty
Package: amsopn 1999/12/14 v2.01 operator names
)
\inf@bad=\count87
LaTeX Info: Redefining \frac on input line 210.
\uproot@=\count88
\leftroot@=\count89
LaTeX Info: Redefining \overline on input line 306.
\classnum@=\count90
\DOTSCASE@=\count91
LaTeX Info: Redefining \ldots on input line 378.
LaTeX Info: Redefining \dots on input line 381.
LaTeX Info: Redefining \cdots on input line 466.
\Mathstrutbox@=\box26
\strutbox@=\box27
\big@size=\dimen105
LaTeX Font Info:    Redeclaring font encoding OML on input line 566.
LaTeX Font Info:    Redeclaring font encoding OMS on input line 567.
\macc@depth=\count92
\c@MaxMatrixCols=\count93
\dotsspace@=\muskip10
\c@parentequation=\count94
\dspbrk@lvl=\count95
\tag@help=\toks15
\row@=\count96
\column@=\count97
\maxfields@=\count98
\andhelp@=\toks16
\eqnshift@=\dimen106
\alignsep@=\dimen107
\tagshift@=\dimen108
\tagwidth@=\dimen109
\totwidth@=\dimen110
\lineht@=\dimen111
\@envbody=\toks17
\multlinegap=\skip44
\multlinetaggap=\skip45
\mathdisplay@stack=\toks18
LaTeX Info: Redefining \[ on input line 2665.
LaTeX Info: Redefining \] on input line 2666.
)
(/usr/share/texlive/texmf-dist/tex/latex/amscls/amsthm.sty
Package: amsthm 2004/08/06 v2.20
\thm@style=\toks19
\thm@bodyfont=\toks20
\thm@headfont=\toks21
\thm@notefont=\toks22
\thm@headpunct=\toks23
\thm@preskip=\skip46
\thm@postskip=\skip47
\thm@headsep=\skip48
\dth@everypar=\toks24
)
(/usr/share/texlive/texmf-dist/tex/latex/tools/verbatim.sty
Package: verbatim 2003/08/22 v1.5q LaTeX2e package for verbatim enhancements
\every@verbatim=\toks25
\verbatim@line=\toks26
\verbatim@in@stream=\read1
)
(/usr/share/texlive/texmf-dist/tex/latex/amsfonts/amssymb.sty
Package: amssymb 2013/01/14 v3.01 AMS font symbols

(/usr/share/texlive/texmf-dist/tex/latex/amsfonts/amsfonts.sty
Package: amsfonts 2013/01/14 v3.01 Basic AMSFonts support
\symAMSa=\mathgroup4
\symAMSb=\mathgroup5
LaTeX Font Info:    Overwriting math alphabet `\mathfrak' in version `bold'
(Font)                  U/euf/m/n --> U/euf/b/n on input line 106.
))
(/usr/share/texlive/texmf-dist/tex/latex/amsmath/amscd.sty
Package: amscd 1999/11/29 v2.0
\athelp@=\toks27
\minaw@=\dimen112
\bigaw@=\dimen113
\minCDarrowwidth=\dimen114
)
(/usr/share/texlive/texmf-dist/tex/latex/graphics/graphicx.sty
Package: graphicx 1999/02/16 v1.0f Enhanced LaTeX Graphics (DPC,SPQR)

(/usr/share/texlive/texmf-dist/tex/latex/graphics/keyval.sty
Package: keyval 1999/03/16 v1.13 key=value parser (DPC)
\KV@toks@=\toks28
)
(/usr/share/texlive/texmf-dist/tex/latex/graphics/graphics.sty
Package: graphics 2009/02/05 v1.0o Standard LaTeX Graphics (DPC,SPQR)

(/usr/share/texlive/texmf-dist/tex/latex/graphics/trig.sty
Package: trig 1999/03/16 v1.09 sin cos tan (DPC)
)
(/usr/share/texlive/texmf-dist/tex/latex/latexconfig/graphics.cfg
File: graphics.cfg 2010/04/23 v1.9 graphics configuration of TeX Live
)
Package graphics Info: Driver file: pdftex.def on input line 91.

(/usr/share/texlive/texmf-dist/tex/latex/pdftex-def/pdftex.def
File: pdftex.def 2011/05/27 v0.06d Graphics/color for pdfTeX

(/usr/share/texlive/texmf-dist/tex/generic/oberdiek/infwarerr.sty
Package: infwarerr 2010/04/08 v1.3 Providing info/warning/error messages (HO)
)
(/usr/share/texlive/texmf-dist/tex/generic/oberdiek/ltxcmds.sty
Package: ltxcmds 2011/11/09 v1.22 LaTeX kernel commands for general use (HO)
)
\Gread@gobject=\count99
))
\Gin@req@height=\dimen115
\Gin@req@width=\dimen116
)
(/usr/share/texlive/texmf-dist/tex/latex/listings/listings.sty
\lst@mode=\count100
\lst@gtempboxa=\box28
\lst@token=\toks29
\lst@length=\count101
\lst@currlwidth=\dimen117
\lst@column=\count102
\lst@pos=\count103
\lst@lostspace=\dimen118
\lst@width=\dimen119
\lst@newlines=\count104
\lst@lineno=\count105
\lst@maxwidth=\dimen120

(/usr/share/texlive/texmf-dist/tex/latex/listings/lstmisc.sty
File: lstmisc.sty 2013/07/10 1.5 (Carsten Heinz)
\c@lstnumber=\count106
\lst@skipnumbers=\count107
\lst@framebox=\box29
)
(/usr/share/texlive/texmf-dist/tex/latex/listings/listings.cfg
File: listings.cfg 2013/06/27 1.5pre1 listings configuration
))
Package: listings 2013/07/10 1.5 (Carsten Heinz)

(/usr/share/texlive/texmf-dist/tex/latex/mh/mathtools.sty
Package: mathtools 2013/02/12 v1.13 mathematical typesetting tools

(/usr/share/texlive/texmf-dist/tex/latex/tools/calc.sty
Package: calc 2007/08/22 v4.3 Infix arithmetic (KKT,FJ)
\calc@Acount=\count108
\calc@Bcount=\count109
\calc@Adimen=\dimen121
\calc@Bdimen=\dimen122
\calc@Askip=\skip49
\calc@Bskip=\skip50
LaTeX Info: Redefining \setlength on input line 76.
LaTeX Info: Redefining \addtolength on input line 77.
\calc@Ccount=\count110
\calc@Cskip=\skip51
)
(/usr/share/texlive/texmf-dist/tex/latex/mh/mhsetup.sty
Package: mhsetup 2010/01/21 v1.2a programming setup (MH)
)
LaTeX Info: Thecontrolsequence`\['isalreadyrobust on input line 129.
LaTeX Info: Thecontrolsequence`\]'isalreadyrobust on input line 129.
\g_MT_multlinerow_int=\count111
\l_MT_multwidth_dim=\dimen123
\origjot=\skip52
\l_MT_shortvdotswithinadjustabove_dim=\dimen124
\l_MT_shortvdotswithinadjustbelow_dim=\dimen125
\l_MT_above_intertext_sep=\dimen126
\l_MT_below_intertext_sep=\dimen127
\l_MT_above_shortintertext_sep=\dimen128
\l_MT_below_shortintertext_sep=\dimen129
)
(/usr/share/texlive/texmf-dist/tex/latex/graphics/color.sty
Package: color 2005/11/14 v1.0j Standard LaTeX Color (DPC)

(/usr/share/texlive/texmf-dist/tex/latex/latexconfig/color.cfg
File: color.cfg 2007/01/18 v1.5 color configuration of teTeX/TeXLive
)
Package color Info: Driver file: pdftex.def on input line 130.
)
(/usr/share/texlive/texmf-dist/tex/latex/marvosym/marvosym.sty
Package: marvosym 2011/07/20 v2.2 Martin Vogel's Symbols font definitions
)
(/usr/share/texlive/texmf-dist/tex/latex/caption/subcaption.sty
Package: subcaption 2013/02/03 v1.1-62 Sub-captions (AR)

(/usr/share/texlive/texmf-dist/tex/latex/caption/caption.sty
Package: caption 2013/05/02 v3.3-89 Customizing captions (AR)

(/usr/share/texlive/texmf-dist/tex/latex/caption/caption3.sty
Package: caption3 2013/05/02 v1.6-88 caption3 kernel (AR)
Package caption3 Info: TeX engine: e-TeX on input line 57.
\captionmargin=\dimen130
\captionmargin@=\dimen131
\captionwidth=\dimen132
\caption@tempdima=\dimen133
\caption@indent=\dimen134
\caption@parindent=\dimen135
\caption@hangindent=\dimen136
)
\c@ContinuedFloat=\count112
Package caption Info: listings package is loaded.
)
\c@subfigure=\count113
\c@subtable=\count114
)
(/usr/share/texlive/texmf-dist/tex/latex/hyperref/hyperref.sty
Package: hyperref 2012/11/06 v6.83m Hypertext links for LaTeX

(/usr/share/texlive/texmf-dist/tex/generic/oberdiek/hobsub-hyperref.sty
Package: hobsub-hyperref 2012/05/28 v1.13 Bundle oberdiek, subset hyperref (HO)


(/usr/share/texlive/texmf-dist/tex/generic/oberdiek/hobsub-generic.sty
Package: hobsub-generic 2012/05/28 v1.13 Bundle oberdiek, subset generic (HO)
Package: hobsub 2012/05/28 v1.13 Construct package bundles (HO)
Package hobsub Info: Skipping package `infwarerr' (already loaded).
Package hobsub Info: Skipping package `ltxcmds' (already loaded).
Package: ifluatex 2010/03/01 v1.3 Provides the ifluatex switch (HO)
Package ifluatex Info: LuaTeX not detected.
Package: ifvtex 2010/03/01 v1.5 Detect VTeX and its facilities (HO)
Package ifvtex Info: VTeX not detected.
Package: intcalc 2007/09/27 v1.1 Expandable calculations with integers (HO)
Package: ifpdf 2011/01/30 v2.3 Provides the ifpdf switch (HO)
Package ifpdf Info: pdfTeX in PDF mode is detected.
Package: etexcmds 2011/02/16 v1.5 Avoid name clashes with e-TeX commands (HO)
Package etexcmds Info: Could not find \expanded.
(etexcmds)             That can mean that you are not using pdfTeX 1.50 or
(etexcmds)             that some package has redefined \expanded.
(etexcmds)             In the latter case, load this package earlier.
Package: kvsetkeys 2012/04/25 v1.16 Key value parser (HO)
Package: kvdefinekeys 2011/04/07 v1.3 Define keys (HO)
Package: pdftexcmds 2011/11/29 v0.20 Utility functions of pdfTeX for LuaTeX (HO
)
Package pdftexcmds Info: LuaTeX not detected.
Package pdftexcmds Info: \pdf@primitive is available.
Package pdftexcmds Info: \pdf@ifprimitive is available.
Package pdftexcmds Info: \pdfdraftmode found.
Package: pdfescape 2011/11/25 v1.13 Implements pdfTeX's escape features (HO)
Package: bigintcalc 2012/04/08 v1.3 Expandable calculations on big integers (HO
)
Package: bitset 2011/01/30 v1.1 Handle bit-vector datatype (HO)
Package: uniquecounter 2011/01/30 v1.2 Provide unlimited unique counter (HO)
)
Package hobsub Info: Skipping package `hobsub' (already loaded).
Package: letltxmacro 2010/09/02 v1.4 Let assignment for LaTeX macros (HO)
Package: hopatch 2012/05/28 v1.2 Wrapper for package hooks (HO)
Package: xcolor-patch 2011/01/30 xcolor patch
Package: atveryend 2011/06/30 v1.8 Hooks at the very end of document (HO)
Package atveryend Info: \enddocument detected (standard20110627).
Package: atbegshi 2011/10/05 v1.16 At begin shipout hook (HO)
Package: refcount 2011/10/16 v3.4 Data extraction from label references (HO)
Package: hycolor 2011/01/30 v1.7 Color options for hyperref/bookmark (HO)
)
(/usr/share/texlive/texmf-dist/tex/generic/ifxetex/ifxetex.sty
Package: ifxetex 2010/09/12 v0.6 Provides ifxetex conditional
)
(/usr/share/texlive/texmf-dist/tex/latex/oberdiek/auxhook.sty
Package: auxhook 2011/03/04 v1.3 Hooks for auxiliary files (HO)
)
(/usr/share/texlive/texmf-dist/tex/latex/oberdiek/kvoptions.sty
Package: kvoptions 2011/06/30 v3.11 Key value format for package options (HO)
)
\@linkdim=\dimen137
\Hy@linkcounter=\count115
\Hy@pagecounter=\count116

(/usr/share/texlive/texmf-dist/tex/latex/hyperref/pd1enc.def
File: pd1enc.def 2012/11/06 v6.83m Hyperref: PDFDocEncoding definition (HO)
)
\Hy@SavedSpaceFactor=\count117

(/usr/share/texlive/texmf-dist/tex/latex/latexconfig/hyperref.cfg
File: hyperref.cfg 2002/06/06 v1.2 hyperref configuration of TeXLive
)
Package hyperref Info: Hyper figures OFF on input line 4443.
Package hyperref Info: Link nesting OFF on input line 4448.
Package hyperref Info: Hyper index ON on input line 4451.
Package hyperref Info: Plain pages OFF on input line 4458.
Package hyperref Info: Backreferencing OFF on input line 4463.
Package hyperref Info: Implicit mode ON; LaTeX internals redefined.
Package hyperref Info: Bookmarks ON on input line 4688.
\c@Hy@tempcnt=\count118

(/usr/share/texlive/texmf-dist/tex/latex/url/url.sty
\Urlmuskip=\muskip11
Package: url 2006/04/12  ver 3.3  Verb mode for urls, etc.
)
LaTeX Info: Redefining \url on input line 5041.
\XeTeXLinkMargin=\dimen138
\Fld@menulength=\count119
\Field@Width=\dimen139
\Fld@charsize=\dimen140
Package hyperref Info: Hyper figures OFF on input line 6295.
Package hyperref Info: Link nesting OFF on input line 6300.
Package hyperref Info: Hyper index ON on input line 6303.
Package hyperref Info: backreferencing OFF on input line 6310.
Package hyperref Info: Link coloring OFF on input line 6315.
Package hyperref Info: Link coloring with OCG OFF on input line 6320.
Package hyperref Info: PDF/A mode OFF on input line 6325.
LaTeX Info: Redefining \ref on input line 6365.
LaTeX Info: Redefining \pageref on input line 6369.
\Hy@abspage=\count120
\c@Item=\count121
\c@Hfootnote=\count122
)

Package hyperref Message: Driver (autodetected): hpdftex.

(/usr/share/texlive/texmf-dist/tex/latex/hyperref/hpdftex.def
File: hpdftex.def 2012/11/06 v6.83m Hyperref driver for pdfTeX
\Fld@listcount=\count123
\c@bookmark@seq@number=\count124

(/usr/share/texlive/texmf-dist/tex/latex/oberdiek/rerunfilecheck.sty
Package: rerunfilecheck 2011/04/15 v1.7 Rerun checks for auxiliary files (HO)
Package uniquecounter Info: New unique counter `rerunfilecheck' on input line 2
82.
)
\Hy@SectionHShift=\skip53
)
(./stn_fran.aux)
\openout1 = `stn_fran.aux'.

LaTeX Font Info:    Checking defaults for OML/cmm/m/it on input line 29.
LaTeX Font Info:    ... okay on input line 29.
LaTeX Font Info:    Checking defaults for T1/cmr/m/n on input line 29.
LaTeX Font Info:    ... okay on input line 29.
LaTeX Font Info:    Checking defaults for OT1/cmr/m/n on input line 29.
LaTeX Font Info:    ... okay on input line 29.
LaTeX Font Info:    Checking defaults for OMS/cmsy/m/n on input line 29.
LaTeX Font Info:    ... okay on input line 29.
LaTeX Font Info:    Checking defaults for OMX/cmex/m/n on input line 29.
LaTeX Font Info:    ... okay on input line 29.
LaTeX Font Info:    Checking defaults for U/cmr/m/n on input line 29.
LaTeX Font Info:    ... okay on input line 29.
LaTeX Font Info:    Checking defaults for PD1/pdf/m/n on input line 29.
LaTeX Font Info:    ... okay on input line 29.
 (/usr/share/texlive/texmf-dist/tex/context/base/supp-pdf.mkii
[Loading MPS to PDF converter (version 2006.09.02).]
\scratchcounter=\count125
\scratchdimen=\dimen141
\scratchbox=\box30
\nofMPsegments=\count126
\nofMParguments=\count127
\everyMPshowfont=\toks30
\MPscratchCnt=\count128
\MPscratchDim=\dimen142
\MPnumerator=\count129
\makeMPintoPDFobject=\count130
\everyMPtoPDFconversion=\toks31
) (/usr/share/texlive/texmf-dist/tex/latex/oberdiek/epstopdf-base.sty
Package: epstopdf-base 2010/02/09 v2.5 Base part for package epstopdf

(/usr/share/texlive/texmf-dist/tex/latex/oberdiek/grfext.sty
Package: grfext 2010/08/19 v1.1 Manage graphics extensions (HO)
)
Package grfext Info: Graphics extension search list:
(grfext)             [.png,.pdf,.jpg,.mps,.jpeg,.jbig2,.jb2,.PNG,.PDF,.JPG,.JPE
G,.JBIG2,.JB2,.eps]
(grfext)             \AppendGraphicsExtensions on input line 452.

(/usr/share/texlive/texmf-dist/tex/latex/latexconfig/epstopdf-sys.cfg
File: epstopdf-sys.cfg 2010/07/13 v1.3 Configuration of (r)epstopdf for TeX Liv
e
))
\c@lstlisting=\count131
Package caption Info: Begin \AtBeginDocument code.
Package caption Info: hyperref package is loaded.
Package caption Info: End \AtBeginDocument code.
\AtBeginShipoutBox=\box31
Package hyperref Info: Link coloring OFF on input line 29.

(/usr/share/texlive/texmf-dist/tex/latex/hyperref/nameref.sty
Package: nameref 2012/10/27 v2.43 Cross-referencing by name of section

(/usr/share/texlive/texmf-dist/tex/generic/oberdiek/gettitlestring.sty
Package: gettitlestring 2010/12/03 v1.4 Cleanup title references (HO)
)
\c@section@level=\count132
)
LaTeX Info: Redefining \ref on input line 29.
LaTeX Info: Redefining \pageref on input line 29.
LaTeX Info: Redefining \nameref on input line 29.

(./stn_fran.out) (./stn_fran.out)
\@outlinefile=\write3
\openout3 = `stn_fran.out'.

LaTeX Font Info:    Try loading font information for U+msa on input line 40.

(/usr/share/texlive/texmf-dist/tex/latex/amsfonts/umsa.fd
File: umsa.fd 2013/01/14 v3.01 AMS symbols A
)
LaTeX Font Info:    Try loading font information for U+msb on input line 40.

(/usr/share/texlive/texmf-dist/tex/latex/amsfonts/umsb.fd
File: umsb.fd 2013/01/14 v3.01 AMS symbols B
) [1{/var/lib/texmf/fonts/map/pdftex/updmap/pdftex.map}


]
Underfull \hbox (badness 10000) in paragraph at lines 122--129

 []


Underfull \hbox (badness 1472) in paragraph at lines 122--129
\OT1/cmr/m/n/10 Post to this we can cal-cu-late the co-sine sim-i-
 []


Underfull \hbox (badness 10000) in paragraph at lines 122--129

 []

<pics/hist2.png, id=66, 482.0409pt x 338.2236pt>
File: pics/hist2.png Graphic file (type png)
 <use pics/hist2.png>
Package pdftex.def Info: pics/hist2.png used on input line 133.
(pdftex.def)             Requested size: 203.41934pt x 142.72902pt.

Underfull \hbox (badness 2818) in paragraph at lines 130--137
\OT1/cmr/m/n/10 so: []
 []

[2 <./pics/hist2.png>] <pics/spring.png, id=76, 1734.48pt x 874.467pt>
File: pics/spring.png Graphic file (type png)

<use pics/spring.png>
Package pdftex.def Info: pics/spring.png used on input line 144.
(pdftex.def)             Requested size: 346.88986pt x 174.89029pt.

Underfull \hbox (badness 1297) in paragraph at lines 141--147
\OT1/cmr/m/n/10 know each mean-ing that we con-struct an edge
 []


Overfull \hbox (62.47134pt too wide) in paragraph at lines 141--147
|  []
 []


Overfull \hbox (8.49673pt too wide) in paragraph at lines 153--154
[][][][][][][][][][][][][][] 
 []


Overfull \hbox (40.26752pt too wide) in paragraph at lines 158--159
[][][][][][][][][][][] 
 []

LaTeX Font Info:    Try loading font information for OMS+cmr on input line 161.

(/usr/share/texlive/texmf-dist/tex/latex/base/omscmr.fd
File: omscmr.fd 1999/05/25 v2.5h Standard LaTeX font definitions
)
LaTeX Font Info:    Font shape `OMS/cmr/m/n' in size <10> not available
(Font)              Font shape `OMS/cmsy/m/n' tried instead on input line 161.

Overfull \hbox (22.26733pt too wide) in paragraph at lines 164--165
[][][][][][][][][][][][][][][][][][] 
 []

<pics/se.png, id=77, 578.16pt x 433.62pt>
File: pics/se.png Graphic file (type png)
 <use pics/se.png>
Package pdftex.def Info: pics/se.png used on input line 168.
(pdftex.def)             Requested size: 231.2599pt x 173.44492pt.

Underfull \hbox (badness 7869) in paragraph at lines 167--170
[]\OT1/cmr/m/n/10 Where we as-sume kMeans(NodeKSpace, k)
 []


Underfull \hbox (badness 1902) in paragraph at lines 167--170
\OT1/cmr/m/n/10 to be a stan-dard k-means clus-ter-ing al-go-rithm
 []


Underfull \hbox (badness 2564) in paragraph at lines 167--170
\OT1/cmr/m/n/10 that re-turns points and the clus-ters they be-
 []


Underfull \hbox (badness 1122) in paragraph at lines 167--170
\OT1/cmr/m/n/10 long to in the same or-der as the in-put. For
 []


Underfull \hbox (badness 7576) in paragraph at lines 167--170
\OT1/cmr/m/n/10 the fol-low-ing graph and clus-ter as-sign-ments:
 []


Overfull \hbox (1.52467pt too wide) in paragraph at lines 167--170
[]
 []

<pics/s.png, id=78, 578.16pt x 433.62pt>
File: pics/s.png Graphic file (type png)
 <use pics/s.png>
Package pdftex.def Info: pics/s.png used on input line 171.
(pdftex.def)             Requested size: 231.2599pt x 173.44492pt.

Overfull \hbox (11.52469pt too wide) in paragraph at lines 171--172
[][] 
 []

[3 <./pics/spring.png> <./pics/se.png> <./pics/s.png>]
<pics/m.png, id=101, 612.1269pt x 433.62pt>
File: pics/m.png Graphic file (type png)
 <use pics/m.png>
Package pdftex.def Info: pics/m.png used on input line 179.
(pdftex.def)             Requested size: 244.84642pt x 173.44492pt.

Overfull \hbox (15.11119pt too wide) in paragraph at lines 177--181
[]
 []

<pics/radii.png, id=102, 578.16pt x 433.62pt>
File: pics/radii.png Graphic file (type png)
 <use pics/radii.png>
Package pdftex.def Info: pics/radii.png used on input line 195.
(pdftex.def)             Requested size: 231.2599pt x 173.44492pt.

Underfull \hbox (badness 10000) in paragraph at lines 189--196

 []


Underfull \hbox (badness 1748) in paragraph at lines 189--196
\OT1/cmr/m/n/10 We can ex-plore our re-sults (find-ings) by plot-
 []


Underfull \hbox (badness 7540) in paragraph at lines 189--196
\OT1/cmr/m/n/10 ting the in-tra clus-ter ag-gre-gate dis-tance vs
 []


Overfull \hbox (1.52467pt too wide) in paragraph at lines 189--196
[] 
 []


Underfull \hbox (badness 10000) in paragraph at lines 207--208
\OT1/cmtt/m/n/10 ac . uk / []egardi / Dynamics / Dynamics _ 2014 _
 []


Underfull \hbox (badness 10000) in paragraph at lines 208--209
[]\OT1/cmr/m/n/10 Yale, In-tro-duc-tion to the Lapla-cian
 []


Underfull \hbox (badness 10000) in paragraph at lines 208--209
[]$\OT1/cmtt/m/n/10 http : / / www . cs . yale . edu / homes / spielman /
 []


Underfull \hbox (badness 7326) in paragraph at lines 209--210
[]\OT1/cmr/m/n/10 V. Lavrenko, Clus-ter-ing []$\OT1/cmtt/m/n/10 http : / / www 
. inf .
 []


Underfull \hbox (badness 10000) in paragraph at lines 209--210
\OT1/cmtt/m/n/10 ed . ac . uk / teaching / courses / iaml / slides /
 []

Package atveryend Info: Empty hook `BeforeClearDocument' on input line 211.
[4 <./pics/m.png> <./pics/radii.png>]
Package atveryend Info: Empty hook `AfterLastShipout' on input line 211.
 (./stn_fran.aux)
Package atveryend Info: Executing hook `AtVeryEndDocument' on input line 211.
Package atveryend Info: Executing hook `AtEndAfterFileList' on input line 211.
Package rerunfilecheck Info: File `stn_fran.out' has not changed.
(rerunfilecheck)             Checksum: 49F4E681633D6705E0DAFE3BC2640D98;735.
Package atveryend Info: Empty hook `AtVeryVeryEnd' on input line 211.
 ) 
Here is how much of TeX's memory you used:
 9243 strings out of 493307
 137163 string characters out of 6139905
 236879 words of memory out of 5000000
 12553 multiletter control sequences out of 15000+600000
 12290 words of font info for 48 fonts, out of 8000000 for 9000
 957 hyphenation exceptions out of 8191
 42i,9n,40p,1173b,1129s stack positions out of 5000i,500n,10000p,200000b,80000s
</usr/share/texlive/texmf-dist/fonts/type1/public/amsfonts/cm/cmbx10.pfb></us
r/share/texlive/texmf-dist/fonts/type1/public/amsfonts/cm/cmbx12.pfb></usr/shar
e/texlive/texmf-dist/fonts/type1/public/amsfonts/cm/cmex10.pfb></usr/share/texl
ive/texmf-dist/fonts/type1/public/amsfonts/cm/cmmi10.pfb></usr/share/texlive/te
xmf-dist/fonts/type1/public/amsfonts/cm/cmmi5.pfb></usr/share/texlive/texmf-dis
t/fonts/type1/public/amsfonts/cm/cmmi7.pfb></usr/share/texlive/texmf-dist/fonts
/type1/public/amsfonts/cm/cmr10.pfb></usr/share/texlive/texmf-dist/fonts/type1/
public/amsfonts/cm/cmr12.pfb></usr/share/texlive/texmf-dist/fonts/type1/public/
amsfonts/cm/cmr17.pfb></usr/share/texlive/texmf-dist/fonts/type1/public/amsfont
s/cm/cmr7.pfb></usr/share/texlive/texmf-dist/fonts/type1/public/amsfonts/cm/cms
y10.pfb></usr/share/texlive/texmf-dist/fonts/type1/public/amsfonts/cm/cmsy7.pfb
></usr/share/texlive/texmf-dist/fonts/type1/public/amsfonts/cm/cmtt10.pfb></usr
/share/texlive/texmf-dist/fonts/type1/public/amsfonts/symbols/msbm10.pfb>
Output written on stn_fran.pdf (4 pages, 651352 bytes).
PDF statistics:
 175 PDF objects out of 1000 (max. 8388607)
 141 compressed objects within 2 object streams
 34 named destinations out of 1000 (max. 500000)
 127 words of extra memory for PDF output out of 10000 (max. 10000000)

